#-----------------------------------------------------------
# Vivado v2019.2 (64-bit)
# SW Build 2708876 on Wed Nov  6 21:40:23 MST 2019
# IP Build 2700528 on Thu Nov  7 00:09:20 MST 2019
# Start of session at: Thu Apr 14 22:19:41 2022
# Process ID: 36692
# Current directory: C:/Users/86183/Desktop/lab5_1_1
# Command line: vivado.exe -gui_launcher_event rodinguilauncherevent37884 C:\Users\86183\Desktop\lab5_1_1\lab5_1_1.xpr
# Log file: C:/Users/86183/Desktop/lab5_1_1/vivado.log
# Journal file: C:/Users/86183/Desktop/lab5_1_1\vivado.jou
#-----------------------------------------------------------
start_gui
open_project C:/Users/86183/Desktop/lab5_1_1/lab5_1_1.xpr
Scanning sources...
Finished scanning sources
INFO: [IP_Flow 19-234] Refreshing IP repositories
INFO: [IP_Flow 19-1704] No user IP repositories specified
INFO: [IP_Flow 19-2313] Loaded Vivado IP repository 'C:/Vivado/2019.2/data/ip'.
open_project: Time (s): cpu = 00:00:15 ; elapsed = 00:00:06 . Memory (MB): peak = 750.723 ; gain = 111.582
update_compile_order -fileset sources_1
exit
INFO: [Common 17-206] Exiting Vivado at Fri Apr 15 08:35:04 2022...
