#! /usr/bin/vvp
:ivl_version "11.0 (stable)" "(v11_0)";
:ivl_delay_selection "TYPICAL";
:vpi_time_precision - 8;
:vpi_module "/usr/lib/ivl/system.vpi";
:vpi_module "/usr/lib/ivl/vhdl_sys.vpi";
:vpi_module "/usr/lib/ivl/vhdl_textio.vpi";
:vpi_module "/usr/lib/ivl/v2005_math.vpi";
:vpi_module "/usr/lib/ivl/va_math.vpi";
S_0x563dc91256e0 .scope module, "tb" "tb" 2 2;
 .timescale -8 -8;
v0x563dc915cb20_0 .net "an", 7 0, v0x563dc91583b0_0;  1 drivers
v0x563dc915cc50_0 .var "clk", 0 0;
v0x563dc915cd60_0 .var "go", 0 0;
v0x563dc915ce50_0 .var "rstn", 0 0;
v0x563dc915cef0_0 .net "seg", 7 0, v0x563dc9158800_0;  1 drivers
v0x563dc915d030_0 .var "up", 0 0;
S_0x563dc9125870 .scope module, "t" "top" 2 20, 3 2 0, S_0x563dc91256e0;
 .timescale 0 0;
    .port_info 0 /INPUT 1 "clk";
    .port_info 1 /INPUT 1 "rstn";
    .port_info 2 /INPUT 1 "go";
    .port_info 3 /INPUT 1 "up";
    .port_info 4 /OUTPUT 8 "seg";
    .port_info 5 /OUTPUT 8 "an";
L_0x7f5d12a4d0f0 .functor BUFT 1, C4<00000000000000001111111111111111>, C4<0>, C4<0>, C4<0>;
v0x563dc915b530_0 .net/2u *"_ivl_0", 31 0, L_0x7f5d12a4d0f0;  1 drivers
L_0x7f5d12a4d1c8 .functor BUFT 1, C4<0>, C4<0>, C4<0>, C4<0>;
v0x563dc915b630_0 .net/2u *"_ivl_10", 0 0, L_0x7f5d12a4d1c8;  1 drivers
v0x563dc915b710_0 .net *"_ivl_13", 6 0, L_0x563dc916d880;  1 drivers
L_0x7f5d12a4d210 .functor BUFT 1, C4<1>, C4<0>, C4<0>, C4<0>;
v0x563dc915b7d0_0 .net/2u *"_ivl_14", 0 0, L_0x7f5d12a4d210;  1 drivers
v0x563dc915b8b0_0 .net *"_ivl_17", 6 0, L_0x563dc916d9a0;  1 drivers
L_0x7f5d12a4d138 .functor BUFT 1, C4<0>, C4<0>, C4<0>, C4<0>;
v0x563dc915b990_0 .net/2u *"_ivl_2", 0 0, L_0x7f5d12a4d138;  1 drivers
v0x563dc915ba70_0 .net *"_ivl_5", 6 0, L_0x563dc916d670;  1 drivers
L_0x7f5d12a4d180 .functor BUFT 1, C4<1>, C4<0>, C4<0>, C4<0>;
v0x563dc915bb50_0 .net/2u *"_ivl_6", 0 0, L_0x7f5d12a4d180;  1 drivers
v0x563dc915bc30_0 .net *"_ivl_9", 6 0, L_0x563dc916d760;  1 drivers
v0x563dc915bd10_0 .net "an", 7 0, v0x563dc91583b0_0;  alias, 1 drivers
v0x563dc915bdd0_0 .net "clk", 0 0, v0x563dc915cc50_0;  1 drivers
v0x563dc915bea0_0 .var "clk_div", 0 0;
v0x563dc915bf70_0 .var "count", 31 0;
v0x563dc915c010_0 .net "go", 0 0, v0x563dc915cd60_0;  1 drivers
v0x563dc915c0e0_0 .net "hex1", 3 0, L_0x563dc9139d30;  1 drivers
v0x563dc915c180_0 .net "hex2", 3 0, L_0x563dc916d410;  1 drivers
v0x563dc915c270_0 .net "hex3", 3 0, L_0x563dc916d480;  1 drivers
v0x563dc915c380_0 .net "hex4", 3 0, L_0x563dc916d4f0;  1 drivers
v0x563dc915c490_0 .net "rstn", 0 0, v0x563dc915ce50_0;  1 drivers
v0x563dc915c580_0 .net "seg", 7 0, v0x563dc9158800_0;  alias, 1 drivers
v0x563dc915c640_0 .net "seg1", 7 0, v0x563dc9158e50_0;  1 drivers
v0x563dc915c6e0_0 .net "seg2", 7 0, v0x563dc91592d0_0;  1 drivers
v0x563dc915c780_0 .net "seg3", 7 0, v0x563dc91597b0_0;  1 drivers
v0x563dc915c820_0 .net "seg4", 7 0, v0x563dc9159ce0_0;  1 drivers
v0x563dc915c8c0_0 .net "signal", 63 0, L_0x563dc916daf0;  1 drivers
v0x563dc915c990_0 .net "up", 0 0, v0x563dc915d030_0;  1 drivers
L_0x563dc916d670 .part v0x563dc9158e50_0, 0, 7;
L_0x563dc916d760 .part v0x563dc91592d0_0, 0, 7;
L_0x563dc916d880 .part v0x563dc91597b0_0, 0, 7;
L_0x563dc916d9a0 .part v0x563dc9159ce0_0, 0, 7;
LS_0x563dc916daf0_0_0 .concat [ 7 1 7 1], L_0x563dc916d9a0, L_0x7f5d12a4d210, L_0x563dc916d880, L_0x7f5d12a4d1c8;
LS_0x563dc916daf0_0_4 .concat [ 7 1 7 1], L_0x563dc916d760, L_0x7f5d12a4d180, L_0x563dc916d670, L_0x7f5d12a4d138;
LS_0x563dc916daf0_0_8 .concat [ 32 0 0 0], L_0x7f5d12a4d0f0;
L_0x563dc916daf0 .concat [ 16 16 32 0], LS_0x563dc916daf0_0_0, LS_0x563dc916daf0_0_4, LS_0x563dc916daf0_0_8;
S_0x563dc9125a00 .scope module, "l" "led" 3 70, 4 1 0, S_0x563dc9125870;
 .timescale 0 0;
    .port_info 0 /INPUT 1 "clk";
    .port_info 1 /INPUT 1 "rstn";
    .port_info 2 /INPUT 64 "signal";
    .port_info 3 /INPUT 3 "n";
    .port_info 4 /OUTPUT 8 "seg";
    .port_info 5 /OUTPUT 8 "an";
L_0x7f5d12a4d258 .functor BUFT 1, C4<000000001>, C4<0>, C4<0>, C4<0>;
v0x563dc9139030_0 .net/2s *"_ivl_0", 8 0, L_0x7f5d12a4d258;  1 drivers
v0x563dc91583b0_0 .var "an", 7 0;
v0x563dc9158490_0 .var "an_p", 8 0;
v0x563dc9158550_0 .net "clk", 0 0, v0x563dc915bea0_0;  1 drivers
L_0x7f5d12a4d2a0 .functor BUFT 1, C4<100>, C4<0>, C4<0>, C4<0>;
v0x563dc9158610_0 .net "n", 2 0, L_0x7f5d12a4d2a0;  1 drivers
v0x563dc9158740_0 .net "rstn", 0 0, v0x563dc915ce50_0;  alias, 1 drivers
v0x563dc9158800_0 .var "seg", 7 0;
v0x563dc91588e0_0 .net "set", 8 0, L_0x563dc916df10;  1 drivers
v0x563dc91589c0_0 .net "signal", 63 0, L_0x563dc916daf0;  alias, 1 drivers
E_0x563dc912a200 .event posedge, v0x563dc9158550_0;
L_0x563dc916df10 .shift/l 9, L_0x7f5d12a4d258, L_0x7f5d12a4d2a0;
S_0x563dc9158b60 .scope module, "ld1" "led_decode" 3 48, 5 18 0, S_0x563dc9125870;
 .timescale 0 0;
    .port_info 0 /INPUT 4 "hex";
    .port_info 1 /OUTPUT 8 "seg";
v0x563dc9158d50_0 .net "hex", 3 0, L_0x563dc9139d30;  alias, 1 drivers
v0x563dc9158e50_0 .var "seg", 7 0;
E_0x563dc913ad20 .event edge, v0x563dc9158d50_0;
S_0x563dc9158f90 .scope module, "ld2" "led_decode" 3 53, 5 18 0, S_0x563dc9125870;
 .timescale 0 0;
    .port_info 0 /INPUT 4 "hex";
    .port_info 1 /OUTPUT 8 "seg";
v0x563dc91591d0_0 .net "hex", 3 0, L_0x563dc916d410;  alias, 1 drivers
v0x563dc91592d0_0 .var "seg", 7 0;
E_0x563dc9159170 .event edge, v0x563dc91591d0_0;
S_0x563dc9159410 .scope module, "ld3" "led_decode" 3 58, 5 18 0, S_0x563dc9125870;
 .timescale 0 0;
    .port_info 0 /INPUT 4 "hex";
    .port_info 1 /OUTPUT 8 "seg";
v0x563dc91596b0_0 .net "hex", 3 0, L_0x563dc916d480;  alias, 1 drivers
v0x563dc91597b0_0 .var "seg", 7 0;
E_0x563dc9159630 .event edge, v0x563dc91596b0_0;
S_0x563dc91598f0 .scope module, "ld4" "led_decode" 3 63, 5 18 0, S_0x563dc9125870;
 .timescale 0 0;
    .port_info 0 /INPUT 4 "hex";
    .port_info 1 /OUTPUT 8 "seg";
v0x563dc9159be0_0 .net "hex", 3 0, L_0x563dc916d4f0;  alias, 1 drivers
v0x563dc9159ce0_0 .var "seg", 7 0;
E_0x563dc9159b60 .event edge, v0x563dc9159be0_0;
S_0x563dc9159e20 .scope module, "watch" "stop_watch" 3 37, 6 1 0, S_0x563dc9125870;
 .timescale 0 0;
    .port_info 0 /INPUT 1 "clk";
    .port_info 1 /INPUT 1 "rstn";
    .port_info 2 /INPUT 1 "go";
    .port_info 3 /INPUT 1 "up";
    .port_info 4 /OUTPUT 4 "d3";
    .port_info 5 /OUTPUT 4 "d2";
    .port_info 6 /OUTPUT 4 "d1";
    .port_info 7 /OUTPUT 4 "d0";
P_0x563dc915a000 .param/l "COUNT_VALUE" 1 6 9, +C4<00000000000000000000000001100100>;
L_0x563dc9139d30 .functor BUFZ 4, v0x563dc915afb0_0, C4<0000>, C4<0000>, C4<0000>;
L_0x563dc916d410 .functor BUFZ 4, v0x563dc915ad50_0, C4<0000>, C4<0000>, C4<0000>;
L_0x563dc916d480 .functor BUFZ 4, v0x563dc915aaf0_0, C4<0000>, C4<0000>, C4<0000>;
L_0x563dc916d4f0 .functor BUFZ 4, v0x563dc915a890_0, C4<0000>, C4<0000>, C4<0000>;
L_0x7f5d12a4d018 .functor BUFT 1, C4<00000000000000000000000001100100>, C4<0>, C4<0>, C4<0>;
v0x563dc915a2a0_0 .net/2u *"_ivl_0", 31 0, L_0x7f5d12a4d018;  1 drivers
v0x563dc915a3a0_0 .net *"_ivl_2", 0 0, L_0x563dc916d130;  1 drivers
L_0x7f5d12a4d060 .functor BUFT 1, C4<1>, C4<0>, C4<0>, C4<0>;
v0x563dc915a460_0 .net/2u *"_ivl_4", 0 0, L_0x7f5d12a4d060;  1 drivers
L_0x7f5d12a4d0a8 .functor BUFT 1, C4<0>, C4<0>, C4<0>, C4<0>;
v0x563dc915a520_0 .net/2u *"_ivl_6", 0 0, L_0x7f5d12a4d0a8;  1 drivers
v0x563dc915a600_0 .net "clk", 0 0, v0x563dc915cc50_0;  alias, 1 drivers
v0x563dc915a710_0 .net "d0", 3 0, L_0x563dc916d4f0;  alias, 1 drivers
v0x563dc915a7d0_0 .var "d0_next", 3 0;
v0x563dc915a890_0 .var "d0_reg", 3 0;
v0x563dc915a970_0 .net "d1", 3 0, L_0x563dc916d480;  alias, 1 drivers
v0x563dc915aa30_0 .var "d1_next", 3 0;
v0x563dc915aaf0_0 .var "d1_reg", 3 0;
v0x563dc915abd0_0 .net "d2", 3 0, L_0x563dc916d410;  alias, 1 drivers
v0x563dc915ac90_0 .var "d2_next", 3 0;
v0x563dc915ad50_0 .var "d2_reg", 3 0;
v0x563dc915ae30_0 .net "d3", 3 0, L_0x563dc9139d30;  alias, 1 drivers
v0x563dc915aef0_0 .var "d3_next", 3 0;
v0x563dc915afb0_0 .var "d3_reg", 3 0;
v0x563dc915b090_0 .net "go", 0 0, v0x563dc915cd60_0;  alias, 1 drivers
v0x563dc915b150_0 .var "ms_reg", 31 0;
v0x563dc915b230_0 .net "ms_tick", 0 0, L_0x563dc916d250;  1 drivers
v0x563dc915b2f0_0 .net "rstn", 0 0, v0x563dc915ce50_0;  alias, 1 drivers
v0x563dc915b390_0 .net "up", 0 0, v0x563dc915d030_0;  alias, 1 drivers
E_0x563dc915a1c0/0 .event edge, v0x563dc915b230_0, v0x563dc915b390_0, v0x563dc915a890_0, v0x563dc915aaf0_0;
E_0x563dc915a1c0/1 .event edge, v0x563dc915ad50_0, v0x563dc915afb0_0;
E_0x563dc915a1c0 .event/or E_0x563dc915a1c0/0, E_0x563dc915a1c0/1;
E_0x563dc915a240 .event posedge, v0x563dc915a600_0;
L_0x563dc916d130 .cmp/eq 32, v0x563dc915b150_0, L_0x7f5d12a4d018;
L_0x563dc916d250 .functor MUXZ 1, L_0x7f5d12a4d0a8, L_0x7f5d12a4d060, L_0x563dc916d130, C4<>;
    .scope S_0x563dc9159e20;
T_0 ;
    %wait E_0x563dc915a240;
    %load/vec4 v0x563dc915b2f0_0;
    %nor/r;
    %flag_set/vec4 8;
    %jmp/0xz  T_0.0, 8;
    %pushi/vec4 0, 0, 4;
    %assign/vec4 v0x563dc915afb0_0, 0;
    %pushi/vec4 0, 0, 4;
    %assign/vec4 v0x563dc915ad50_0, 0;
    %pushi/vec4 0, 0, 4;
    %assign/vec4 v0x563dc915aaf0_0, 0;
    %pushi/vec4 0, 0, 4;
    %assign/vec4 v0x563dc915a890_0, 0;
    %pushi/vec4 0, 0, 32;
    %assign/vec4 v0x563dc915b150_0, 0;
    %jmp T_0.1;
T_0.0 ;
    %load/vec4 v0x563dc915b090_0;
    %flag_set/vec4 8;
    %jmp/0xz  T_0.2, 8;
    %load/vec4 v0x563dc915b150_0;
    %cmpi/u 100, 0, 32;
    %jmp/0xz  T_0.4, 5;
    %load/vec4 v0x563dc915b150_0;
    %addi 1, 0, 32;
    %assign/vec4 v0x563dc915b150_0, 0;
    %jmp T_0.5;
T_0.4 ;
    %pushi/vec4 1, 0, 32;
    %assign/vec4 v0x563dc915b150_0, 0;
T_0.5 ;
    %load/vec4 v0x563dc915b230_0;
    %flag_set/vec4 8;
    %jmp/0xz  T_0.6, 8;
    %load/vec4 v0x563dc915aef0_0;
    %assign/vec4 v0x563dc915afb0_0, 0;
    %load/vec4 v0x563dc915ac90_0;
    %assign/vec4 v0x563dc915ad50_0, 0;
    %load/vec4 v0x563dc915aa30_0;
    %assign/vec4 v0x563dc915aaf0_0, 0;
    %load/vec4 v0x563dc915a7d0_0;
    %assign/vec4 v0x563dc915a890_0, 0;
T_0.6 ;
T_0.2 ;
T_0.1 ;
    %jmp T_0;
    .thread T_0;
    .scope S_0x563dc9159e20;
T_1 ;
    %wait E_0x563dc915a1c0;
    %load/vec4 v0x563dc915b230_0;
    %flag_set/vec4 8;
    %jmp/0xz  T_1.0, 8;
    %load/vec4 v0x563dc915b390_0;
    %flag_set/vec4 8;
    %jmp/0xz  T_1.2, 8;
    %load/vec4 v0x563dc915a890_0;
    %pad/u 32;
    %cmpi/ne 9, 0, 32;
    %jmp/0xz  T_1.4, 4;
    %load/vec4 v0x563dc915a890_0;
    %addi 1, 0, 4;
    %store/vec4 v0x563dc915a7d0_0, 0, 4;
    %jmp T_1.5;
T_1.4 ;
    %pushi/vec4 0, 0, 4;
    %store/vec4 v0x563dc915a7d0_0, 0, 4;
    %load/vec4 v0x563dc915aaf0_0;
    %pad/u 32;
    %cmpi/ne 9, 0, 32;
    %jmp/0xz  T_1.6, 4;
    %load/vec4 v0x563dc915aaf0_0;
    %addi 1, 0, 4;
    %store/vec4 v0x563dc915aa30_0, 0, 4;
    %jmp T_1.7;
T_1.6 ;
    %pushi/vec4 0, 0, 4;
    %store/vec4 v0x563dc915aa30_0, 0, 4;
    %load/vec4 v0x563dc915ad50_0;
    %pad/u 32;
    %cmpi/ne 6, 0, 32;
    %jmp/0xz  T_1.8, 4;
    %load/vec4 v0x563dc915ad50_0;
    %addi 1, 0, 4;
    %store/vec4 v0x563dc915ac90_0, 0, 4;
    %jmp T_1.9;
T_1.8 ;
    %pushi/vec4 0, 0, 4;
    %store/vec4 v0x563dc915ac90_0, 0, 4;
    %load/vec4 v0x563dc915afb0_0;
    %addi 1, 0, 4;
    %store/vec4 v0x563dc915aef0_0, 0, 4;
T_1.9 ;
T_1.7 ;
T_1.5 ;
    %jmp T_1.3;
T_1.2 ;
    %load/vec4 v0x563dc915a890_0;
    %pad/u 32;
    %cmpi/ne 0, 0, 32;
    %jmp/0xz  T_1.10, 4;
    %load/vec4 v0x563dc915a890_0;
    %subi 1, 0, 4;
    %store/vec4 v0x563dc915a7d0_0, 0, 4;
    %jmp T_1.11;
T_1.10 ;
    %pushi/vec4 9, 0, 4;
    %store/vec4 v0x563dc915a7d0_0, 0, 4;
    %load/vec4 v0x563dc915aaf0_0;
    %pad/u 32;
    %cmpi/ne 0, 0, 32;
    %jmp/0xz  T_1.12, 4;
    %load/vec4 v0x563dc915aaf0_0;
    %subi 1, 0, 4;
    %store/vec4 v0x563dc915aa30_0, 0, 4;
    %jmp T_1.13;
T_1.12 ;
    %pushi/vec4 9, 0, 4;
    %store/vec4 v0x563dc915aa30_0, 0, 4;
    %load/vec4 v0x563dc915ad50_0;
    %pad/u 32;
    %cmpi/ne 0, 0, 32;
    %jmp/0xz  T_1.14, 4;
    %load/vec4 v0x563dc915ad50_0;
    %subi 1, 0, 4;
    %store/vec4 v0x563dc915ac90_0, 0, 4;
    %jmp T_1.15;
T_1.14 ;
    %pushi/vec4 5, 0, 4;
    %store/vec4 v0x563dc915ac90_0, 0, 4;
    %load/vec4 v0x563dc915afb0_0;
    %subi 1, 0, 4;
    %store/vec4 v0x563dc915aef0_0, 0, 4;
T_1.15 ;
T_1.13 ;
T_1.11 ;
T_1.3 ;
T_1.0 ;
    %jmp T_1;
    .thread T_1, $push;
    .scope S_0x563dc9158b60;
T_2 ;
    %wait E_0x563dc913ad20;
    %load/vec4 v0x563dc9158d50_0;
    %dup/vec4;
    %pushi/vec4 0, 0, 4;
    %cmp/u;
    %jmp/1 T_2.0, 6;
    %dup/vec4;
    %pushi/vec4 1, 0, 4;
    %cmp/u;
    %jmp/1 T_2.1, 6;
    %dup/vec4;
    %pushi/vec4 2, 0, 4;
    %cmp/u;
    %jmp/1 T_2.2, 6;
    %dup/vec4;
    %pushi/vec4 3, 0, 4;
    %cmp/u;
    %jmp/1 T_2.3, 6;
    %dup/vec4;
    %pushi/vec4 4, 0, 4;
    %cmp/u;
    %jmp/1 T_2.4, 6;
    %dup/vec4;
    %pushi/vec4 5, 0, 4;
    %cmp/u;
    %jmp/1 T_2.5, 6;
    %dup/vec4;
    %pushi/vec4 6, 0, 4;
    %cmp/u;
    %jmp/1 T_2.6, 6;
    %dup/vec4;
    %pushi/vec4 7, 0, 4;
    %cmp/u;
    %jmp/1 T_2.7, 6;
    %dup/vec4;
    %pushi/vec4 8, 0, 4;
    %cmp/u;
    %jmp/1 T_2.8, 6;
    %dup/vec4;
    %pushi/vec4 9, 0, 4;
    %cmp/u;
    %jmp/1 T_2.9, 6;
    %pushi/vec4 255, 0, 8;
    %store/vec4 v0x563dc9158e50_0, 0, 8;
    %jmp T_2.11;
T_2.0 ;
    %pushi/vec4 192, 0, 8;
    %store/vec4 v0x563dc9158e50_0, 0, 8;
    %jmp T_2.11;
T_2.1 ;
    %pushi/vec4 249, 0, 8;
    %store/vec4 v0x563dc9158e50_0, 0, 8;
    %jmp T_2.11;
T_2.2 ;
    %pushi/vec4 164, 0, 8;
    %store/vec4 v0x563dc9158e50_0, 0, 8;
    %jmp T_2.11;
T_2.3 ;
    %pushi/vec4 176, 0, 8;
    %store/vec4 v0x563dc9158e50_0, 0, 8;
    %jmp T_2.11;
T_2.4 ;
    %pushi/vec4 153, 0, 8;
    %store/vec4 v0x563dc9158e50_0, 0, 8;
    %jmp T_2.11;
T_2.5 ;
    %pushi/vec4 146, 0, 8;
    %store/vec4 v0x563dc9158e50_0, 0, 8;
    %jmp T_2.11;
T_2.6 ;
    %pushi/vec4 130, 0, 8;
    %store/vec4 v0x563dc9158e50_0, 0, 8;
    %jmp T_2.11;
T_2.7 ;
    %pushi/vec4 248, 0, 8;
    %store/vec4 v0x563dc9158e50_0, 0, 8;
    %jmp T_2.11;
T_2.8 ;
    %pushi/vec4 128, 0, 8;
    %store/vec4 v0x563dc9158e50_0, 0, 8;
    %jmp T_2.11;
T_2.9 ;
    %pushi/vec4 144, 0, 8;
    %store/vec4 v0x563dc9158e50_0, 0, 8;
    %jmp T_2.11;
T_2.11 ;
    %pop/vec4 1;
    %jmp T_2;
    .thread T_2, $push;
    .scope S_0x563dc9158f90;
T_3 ;
    %wait E_0x563dc9159170;
    %load/vec4 v0x563dc91591d0_0;
    %dup/vec4;
    %pushi/vec4 0, 0, 4;
    %cmp/u;
    %jmp/1 T_3.0, 6;
    %dup/vec4;
    %pushi/vec4 1, 0, 4;
    %cmp/u;
    %jmp/1 T_3.1, 6;
    %dup/vec4;
    %pushi/vec4 2, 0, 4;
    %cmp/u;
    %jmp/1 T_3.2, 6;
    %dup/vec4;
    %pushi/vec4 3, 0, 4;
    %cmp/u;
    %jmp/1 T_3.3, 6;
    %dup/vec4;
    %pushi/vec4 4, 0, 4;
    %cmp/u;
    %jmp/1 T_3.4, 6;
    %dup/vec4;
    %pushi/vec4 5, 0, 4;
    %cmp/u;
    %jmp/1 T_3.5, 6;
    %dup/vec4;
    %pushi/vec4 6, 0, 4;
    %cmp/u;
    %jmp/1 T_3.6, 6;
    %dup/vec4;
    %pushi/vec4 7, 0, 4;
    %cmp/u;
    %jmp/1 T_3.7, 6;
    %dup/vec4;
    %pushi/vec4 8, 0, 4;
    %cmp/u;
    %jmp/1 T_3.8, 6;
    %dup/vec4;
    %pushi/vec4 9, 0, 4;
    %cmp/u;
    %jmp/1 T_3.9, 6;
    %pushi/vec4 255, 0, 8;
    %store/vec4 v0x563dc91592d0_0, 0, 8;
    %jmp T_3.11;
T_3.0 ;
    %pushi/vec4 192, 0, 8;
    %store/vec4 v0x563dc91592d0_0, 0, 8;
    %jmp T_3.11;
T_3.1 ;
    %pushi/vec4 249, 0, 8;
    %store/vec4 v0x563dc91592d0_0, 0, 8;
    %jmp T_3.11;
T_3.2 ;
    %pushi/vec4 164, 0, 8;
    %store/vec4 v0x563dc91592d0_0, 0, 8;
    %jmp T_3.11;
T_3.3 ;
    %pushi/vec4 176, 0, 8;
    %store/vec4 v0x563dc91592d0_0, 0, 8;
    %jmp T_3.11;
T_3.4 ;
    %pushi/vec4 153, 0, 8;
    %store/vec4 v0x563dc91592d0_0, 0, 8;
    %jmp T_3.11;
T_3.5 ;
    %pushi/vec4 146, 0, 8;
    %store/vec4 v0x563dc91592d0_0, 0, 8;
    %jmp T_3.11;
T_3.6 ;
    %pushi/vec4 130, 0, 8;
    %store/vec4 v0x563dc91592d0_0, 0, 8;
    %jmp T_3.11;
T_3.7 ;
    %pushi/vec4 248, 0, 8;
    %store/vec4 v0x563dc91592d0_0, 0, 8;
    %jmp T_3.11;
T_3.8 ;
    %pushi/vec4 128, 0, 8;
    %store/vec4 v0x563dc91592d0_0, 0, 8;
    %jmp T_3.11;
T_3.9 ;
    %pushi/vec4 144, 0, 8;
    %store/vec4 v0x563dc91592d0_0, 0, 8;
    %jmp T_3.11;
T_3.11 ;
    %pop/vec4 1;
    %jmp T_3;
    .thread T_3, $push;
    .scope S_0x563dc9159410;
T_4 ;
    %wait E_0x563dc9159630;
    %load/vec4 v0x563dc91596b0_0;
    %dup/vec4;
    %pushi/vec4 0, 0, 4;
    %cmp/u;
    %jmp/1 T_4.0, 6;
    %dup/vec4;
    %pushi/vec4 1, 0, 4;
    %cmp/u;
    %jmp/1 T_4.1, 6;
    %dup/vec4;
    %pushi/vec4 2, 0, 4;
    %cmp/u;
    %jmp/1 T_4.2, 6;
    %dup/vec4;
    %pushi/vec4 3, 0, 4;
    %cmp/u;
    %jmp/1 T_4.3, 6;
    %dup/vec4;
    %pushi/vec4 4, 0, 4;
    %cmp/u;
    %jmp/1 T_4.4, 6;
    %dup/vec4;
    %pushi/vec4 5, 0, 4;
    %cmp/u;
    %jmp/1 T_4.5, 6;
    %dup/vec4;
    %pushi/vec4 6, 0, 4;
    %cmp/u;
    %jmp/1 T_4.6, 6;
    %dup/vec4;
    %pushi/vec4 7, 0, 4;
    %cmp/u;
    %jmp/1 T_4.7, 6;
    %dup/vec4;
    %pushi/vec4 8, 0, 4;
    %cmp/u;
    %jmp/1 T_4.8, 6;
    %dup/vec4;
    %pushi/vec4 9, 0, 4;
    %cmp/u;
    %jmp/1 T_4.9, 6;
    %pushi/vec4 255, 0, 8;
    %store/vec4 v0x563dc91597b0_0, 0, 8;
    %jmp T_4.11;
T_4.0 ;
    %pushi/vec4 192, 0, 8;
    %store/vec4 v0x563dc91597b0_0, 0, 8;
    %jmp T_4.11;
T_4.1 ;
    %pushi/vec4 249, 0, 8;
    %store/vec4 v0x563dc91597b0_0, 0, 8;
    %jmp T_4.11;
T_4.2 ;
    %pushi/vec4 164, 0, 8;
    %store/vec4 v0x563dc91597b0_0, 0, 8;
    %jmp T_4.11;
T_4.3 ;
    %pushi/vec4 176, 0, 8;
    %store/vec4 v0x563dc91597b0_0, 0, 8;
    %jmp T_4.11;
T_4.4 ;
    %pushi/vec4 153, 0, 8;
    %store/vec4 v0x563dc91597b0_0, 0, 8;
    %jmp T_4.11;
T_4.5 ;
    %pushi/vec4 146, 0, 8;
    %store/vec4 v0x563dc91597b0_0, 0, 8;
    %jmp T_4.11;
T_4.6 ;
    %pushi/vec4 130, 0, 8;
    %store/vec4 v0x563dc91597b0_0, 0, 8;
    %jmp T_4.11;
T_4.7 ;
    %pushi/vec4 248, 0, 8;
    %store/vec4 v0x563dc91597b0_0, 0, 8;
    %jmp T_4.11;
T_4.8 ;
    %pushi/vec4 128, 0, 8;
    %store/vec4 v0x563dc91597b0_0, 0, 8;
    %jmp T_4.11;
T_4.9 ;
    %pushi/vec4 144, 0, 8;
    %store/vec4 v0x563dc91597b0_0, 0, 8;
    %jmp T_4.11;
T_4.11 ;
    %pop/vec4 1;
    %jmp T_4;
    .thread T_4, $push;
    .scope S_0x563dc91598f0;
T_5 ;
    %wait E_0x563dc9159b60;
    %load/vec4 v0x563dc9159be0_0;
    %dup/vec4;
    %pushi/vec4 0, 0, 4;
    %cmp/u;
    %jmp/1 T_5.0, 6;
    %dup/vec4;
    %pushi/vec4 1, 0, 4;
    %cmp/u;
    %jmp/1 T_5.1, 6;
    %dup/vec4;
    %pushi/vec4 2, 0, 4;
    %cmp/u;
    %jmp/1 T_5.2, 6;
    %dup/vec4;
    %pushi/vec4 3, 0, 4;
    %cmp/u;
    %jmp/1 T_5.3, 6;
    %dup/vec4;
    %pushi/vec4 4, 0, 4;
    %cmp/u;
    %jmp/1 T_5.4, 6;
    %dup/vec4;
    %pushi/vec4 5, 0, 4;
    %cmp/u;
    %jmp/1 T_5.5, 6;
    %dup/vec4;
    %pushi/vec4 6, 0, 4;
    %cmp/u;
    %jmp/1 T_5.6, 6;
    %dup/vec4;
    %pushi/vec4 7, 0, 4;
    %cmp/u;
    %jmp/1 T_5.7, 6;
    %dup/vec4;
    %pushi/vec4 8, 0, 4;
    %cmp/u;
    %jmp/1 T_5.8, 6;
    %dup/vec4;
    %pushi/vec4 9, 0, 4;
    %cmp/u;
    %jmp/1 T_5.9, 6;
    %pushi/vec4 255, 0, 8;
    %store/vec4 v0x563dc9159ce0_0, 0, 8;
    %jmp T_5.11;
T_5.0 ;
    %pushi/vec4 192, 0, 8;
    %store/vec4 v0x563dc9159ce0_0, 0, 8;
    %jmp T_5.11;
T_5.1 ;
    %pushi/vec4 249, 0, 8;
    %store/vec4 v0x563dc9159ce0_0, 0, 8;
    %jmp T_5.11;
T_5.2 ;
    %pushi/vec4 164, 0, 8;
    %store/vec4 v0x563dc9159ce0_0, 0, 8;
    %jmp T_5.11;
T_5.3 ;
    %pushi/vec4 176, 0, 8;
    %store/vec4 v0x563dc9159ce0_0, 0, 8;
    %jmp T_5.11;
T_5.4 ;
    %pushi/vec4 153, 0, 8;
    %store/vec4 v0x563dc9159ce0_0, 0, 8;
    %jmp T_5.11;
T_5.5 ;
    %pushi/vec4 146, 0, 8;
    %store/vec4 v0x563dc9159ce0_0, 0, 8;
    %jmp T_5.11;
T_5.6 ;
    %pushi/vec4 130, 0, 8;
    %store/vec4 v0x563dc9159ce0_0, 0, 8;
    %jmp T_5.11;
T_5.7 ;
    %pushi/vec4 248, 0, 8;
    %store/vec4 v0x563dc9159ce0_0, 0, 8;
    %jmp T_5.11;
T_5.8 ;
    %pushi/vec4 128, 0, 8;
    %store/vec4 v0x563dc9159ce0_0, 0, 8;
    %jmp T_5.11;
T_5.9 ;
    %pushi/vec4 144, 0, 8;
    %store/vec4 v0x563dc9159ce0_0, 0, 8;
    %jmp T_5.11;
T_5.11 ;
    %pop/vec4 1;
    %jmp T_5;
    .thread T_5, $push;
    .scope S_0x563dc9125a00;
T_6 ;
    %wait E_0x563dc912a200;
    %load/vec4 v0x563dc9158740_0;
    %nor/r;
    %flag_set/vec4 8;
    %jmp/0xz  T_6.0, 8;
    %pushi/vec4 1, 0, 9;
    %assign/vec4 v0x563dc9158490_0, 0;
    %pushi/vec4 255, 0, 8;
    %assign/vec4 v0x563dc9158800_0, 0;
    %jmp T_6.1;
T_6.0 ;
    %load/vec4 v0x563dc9158490_0;
    %load/vec4 v0x563dc91588e0_0;
    %cmp/u;
    %jmp/0xz  T_6.2, 5;
    %load/vec4 v0x563dc9158490_0;
    %parti/s 1, 7, 4;
    %replicate 8;
    %load/vec4 v0x563dc91589c0_0;
    %parti/s 8, 56, 7;
    %and;
    %load/vec4 v0x563dc9158490_0;
    %parti/s 1, 6, 4;
    %replicate 8;
    %load/vec4 v0x563dc91589c0_0;
    %parti/s 8, 48, 7;
    %and;
    %or;
    %load/vec4 v0x563dc9158490_0;
    %parti/s 1, 5, 4;
    %replicate 8;
    %load/vec4 v0x563dc91589c0_0;
    %parti/s 8, 40, 7;
    %and;
    %or;
    %load/vec4 v0x563dc9158490_0;
    %parti/s 1, 4, 4;
    %replicate 8;
    %load/vec4 v0x563dc91589c0_0;
    %parti/s 8, 32, 7;
    %and;
    %or;
    %load/vec4 v0x563dc9158490_0;
    %parti/s 1, 3, 3;
    %replicate 8;
    %load/vec4 v0x563dc91589c0_0;
    %parti/s 8, 24, 6;
    %and;
    %or;
    %load/vec4 v0x563dc9158490_0;
    %parti/s 1, 2, 3;
    %replicate 8;
    %load/vec4 v0x563dc91589c0_0;
    %parti/s 8, 16, 6;
    %and;
    %or;
    %load/vec4 v0x563dc9158490_0;
    %parti/s 1, 1, 2;
    %replicate 8;
    %load/vec4 v0x563dc91589c0_0;
    %parti/s 8, 8, 5;
    %and;
    %or;
    %load/vec4 v0x563dc9158490_0;
    %parti/s 1, 0, 2;
    %replicate 8;
    %load/vec4 v0x563dc91589c0_0;
    %parti/s 8, 0, 2;
    %and;
    %or;
    %assign/vec4 v0x563dc9158800_0, 0;
    %load/vec4 v0x563dc9158490_0;
    %ix/load 4, 1, 0;
    %flag_set/imm 4, 0;
    %shiftl 4;
    %assign/vec4 v0x563dc9158490_0, 0;
    %load/vec4 v0x563dc9158490_0;
    %parti/s 8, 0, 2;
    %inv;
    %assign/vec4 v0x563dc91583b0_0, 0;
    %jmp T_6.3;
T_6.2 ;
    %pushi/vec4 1, 0, 9;
    %assign/vec4 v0x563dc9158490_0, 0;
T_6.3 ;
T_6.1 ;
    %jmp T_6;
    .thread T_6;
    .scope S_0x563dc9125870;
T_7 ;
    %wait E_0x563dc915a240;
    %load/vec4 v0x563dc915c490_0;
    %nor/r;
    %flag_set/vec4 8;
    %jmp/0xz  T_7.0, 8;
    %pushi/vec4 0, 0, 32;
    %assign/vec4 v0x563dc915bf70_0, 0;
    %pushi/vec4 0, 0, 1;
    %assign/vec4 v0x563dc915bea0_0, 0;
    %jmp T_7.1;
T_7.0 ;
    %load/vec4 v0x563dc915bf70_0;
    %cmpi/u 999, 0, 32;
    %jmp/0xz  T_7.2, 5;
    %load/vec4 v0x563dc915bf70_0;
    %addi 1, 0, 32;
    %assign/vec4 v0x563dc915bf70_0, 0;
    %jmp T_7.3;
T_7.2 ;
    %load/vec4 v0x563dc915bea0_0;
    %inv;
    %store/vec4 v0x563dc915bea0_0, 0, 1;
    %pushi/vec4 0, 0, 32;
    %assign/vec4 v0x563dc915bf70_0, 0;
T_7.3 ;
T_7.1 ;
    %jmp T_7;
    .thread T_7;
    .scope S_0x563dc91256e0;
T_8 ;
    %vpi_call 2 8 "$dumpfile", "2.vcd" {0 0 0};
    %vpi_call 2 9 "$dumpvars", 32'sb00000000000000000000000000000000, S_0x563dc9125870 {0 0 0};
    %pushi/vec4 0, 0, 1;
    %store/vec4 v0x563dc915ce50_0, 0, 1;
    %delay 500, 0;
    %pushi/vec4 1, 0, 1;
    %store/vec4 v0x563dc915ce50_0, 0, 1;
    %pushi/vec4 1, 0, 1;
    %store/vec4 v0x563dc915cd60_0, 0, 1;
    %pushi/vec4 1, 0, 1;
    %store/vec4 v0x563dc915d030_0, 0, 1;
    %end;
    .thread T_8;
    .scope S_0x563dc91256e0;
T_9 ;
    %pushi/vec4 0, 0, 1;
    %store/vec4 v0x563dc915cc50_0, 0, 1;
T_9.0 ;
    %delay 1, 0;
    %load/vec4 v0x563dc915cc50_0;
    %inv;
    %store/vec4 v0x563dc915cc50_0, 0, 1;
    %jmp T_9.0;
    %end;
    .thread T_9;
# The file index is used to find the file name in the following table.
:file_names 7;
    "N/A";
    "<interactive>";
    "2_tb.v";
    "2.v";
    "led.v";
    "led_decode.v";
    "clock.v";
